
  .   ____          _            __ _ _
 /\\ / ___'_ __ _ _(_)_ __  __ _ \ \ \ \
( ( )\___ | '_ | '_| | '_ \/ _` | \ \ \ \
 \\/  ___)| |_)| | | | | || (_| |  ) ) ) )
  '  |____| .__|_| |_|_| |_\__, | / / / /
 =========|_|==============|___/=/_/_/_/

 :: Spring Boot ::                (v3.5.5)

2026-04-05T13:16:02.377+05:30  INFO 18673 --- [backend] [           main] com.upwise.backend.BackendApplication    : Starting BackendApplication v0.0.1-SNAPSHOT using Java 21.0.8 with PID 18673 (/Users/hemanth/Documents/Hrathik/finance-dashboard/backend/target/backend-0.0.1-SNAPSHOT.jar started by hemanth in /Users/hemanth/Documents/Hrathik/finance-dashboard/backend)
2026-04-05T13:16:02.379+05:30  INFO 18673 --- [backend] [           main] com.upwise.backend.BackendApplication    : No active profile set, falling back to 1 default profile: "default"
2026-04-05T13:16:03.318+05:30  INFO 18673 --- [backend] [           main] .s.d.r.c.RepositoryConfigurationDelegate : Bootstrapping Spring Data JPA repositories in DEFAULT mode.
2026-04-05T13:16:03.485+05:30  INFO 18673 --- [backend] [           main] .s.d.r.c.RepositoryConfigurationDelegate : Finished Spring Data repository scanning in 153 ms. Found 5 JPA repository interfaces.
2026-04-05T13:16:04.385+05:30  INFO 18673 --- [backend] [           main] o.s.b.w.embedded.tomcat.TomcatWebServer  : Tomcat initialized with port 8081 (http)
2026-04-05T13:16:04.406+05:30  INFO 18673 --- [backend] [           main] o.apache.catalina.core.StandardService   : Starting service [Tomcat]
2026-04-05T13:16:04.407+05:30  INFO 18673 --- [backend] [           main] o.apache.catalina.core.StandardEngine    : Starting Servlet engine: [Apache Tomcat/10.1.44]
2026-04-05T13:16:04.437+05:30  INFO 18673 --- [backend] [           main] o.a.c.c.C.[Tomcat].[localhost].[/]       : Initializing Spring embedded WebApplicationContext
2026-04-05T13:16:04.438+05:30  INFO 18673 --- [backend] [           main] w.s.c.ServletWebServerApplicationContext : Root WebApplicationContext: initialization completed in 2026 ms
2026-04-05T13:16:04.619+05:30  INFO 18673 --- [backend] [           main] o.hibernate.jpa.internal.util.LogHelper  : HHH000204: Processing PersistenceUnitInfo [name: default]
2026-04-05T13:16:04.700+05:30  INFO 18673 --- [backend] [           main] org.hibernate.Version                    : HHH000412: Hibernate ORM core version 6.6.26.Final
2026-04-05T13:16:04.755+05:30  INFO 18673 --- [backend] [           main] o.h.c.internal.RegionFactoryInitiator    : HHH000026: Second-level cache disabled
2026-04-05T13:16:05.102+05:30  INFO 18673 --- [backend] [           main] o.s.o.j.p.SpringPersistenceUnitInfo      : No LoadTimeWeaver setup: ignoring JPA class transformer
2026-04-05T13:16:05.136+05:30  INFO 18673 --- [backend] [           main] com.zaxxer.hikari.HikariDataSource       : HikariPool-1 - Starting...
2026-04-05T13:16:05.416+05:30  INFO 18673 --- [backend] [           main] com.zaxxer.hikari.pool.HikariPool        : HikariPool-1 - Added connection conn0: url=jdbc:h2:mem:finance user=SA
2026-04-05T13:16:05.418+05:30  INFO 18673 --- [backend] [           main] com.zaxxer.hikari.HikariDataSource       : HikariPool-1 - Start completed.
2026-04-05T13:16:05.443+05:30  WARN 18673 --- [backend] [           main] org.hibernate.orm.deprecation            : HHH90000025: H2Dialect does not need to be specified explicitly using 'hibernate.dialect' (remove the property setting and it will be selected by default)
2026-04-05T13:16:05.463+05:30  INFO 18673 --- [backend] [           main] org.hibernate.orm.connections.pooling    : HHH10001005: Database info:
	Database JDBC URL [Connecting through datasource 'HikariDataSource (HikariPool-1)']
	Database driver: undefined/unknown
	Database version: 2.3.232
	Autocommit mode: undefined/unknown
	Isolation level: undefined/unknown
	Minimum pool size: undefined/unknown
	Maximum pool size: undefined/unknown
2026-04-05T13:16:06.315+05:30  INFO 18673 --- [backend] [           main] o.h.e.t.j.p.i.JtaPlatformInitiator       : HHH000489: No JTA platform available (set 'hibernate.transaction.jta.platform' to enable JTA platform integration)
Hibernate: create table audit_logs (id bigint generated by default as identity, action varchar(255), timestamp timestamp(6) with time zone, username varchar(255), primary key (id))
Hibernate: create table budgets (id bigint generated by default as identity, category varchar(255), limit_amount numeric(38,2), user_id bigint, primary key (id))
Hibernate: create table financial_records (id bigint generated by default as identity, amount numeric(38,2) not null, category varchar(255), date date not null, deleted boolean not null, notes varchar(255), type enum ('EXPENSE','INCOME') not null, primary key (id))
Hibernate: create table roles (id bigint generated by default as identity, name varchar(255) not null, primary key (id))
Hibernate: create table user_roles (user_id bigint not null, role_id bigint not null, primary key (user_id, role_id))
Hibernate: create table users (id bigint generated by default as identity, active boolean not null, email varchar(255), password varchar(255) not null, username varchar(255) not null, primary key (id))
Hibernate: alter table if exists roles drop constraint if exists UKofx66keruapi6vyqpv6f2or37
Hibernate: alter table if exists roles add constraint UKofx66keruapi6vyqpv6f2or37 unique (name)
Hibernate: alter table if exists users drop constraint if exists UKr43af9ap4edm43mmtq01oddj6
Hibernate: alter table if exists users add constraint UKr43af9ap4edm43mmtq01oddj6 unique (username)
Hibernate: alter table if exists budgets add constraint FKln0tm5tgf3f9q3sp9sa5m8m7b foreign key (user_id) references users
Hibernate: alter table if exists user_roles add constraint FKh8ciramu9cc9q3qcqiv4ue8a6 foreign key (role_id) references roles
Hibernate: alter table if exists user_roles add constraint FKhfh9dx7w3ubf1co1vdev94g3f foreign key (user_id) references users
2026-04-05T13:16:06.377+05:30  INFO 18673 --- [backend] [           main] j.LocalContainerEntityManagerFactoryBean : Initialized JPA EntityManagerFactory for persistence unit 'default'
2026-04-05T13:16:06.611+05:30  WARN 18673 --- [backend] [           main] com.upwise.backend.security.JwtUtil      : Configured JWT secret is invalid or too weak: The specified key byte array is 232 bits which is not secure enough for any JWT HMAC-SHA algorithm.  The JWT JWA Specification (RFC 7518, Section 3.2) states that keys used with HMAC-SHA algorithms MUST have a size >= 256 bits (the key size must be greater than or equal to the hash output size).  Consider using the io.jsonwebtoken.security.Keys#secretKeyFor(SignatureAlgorithm) method to create a key guaranteed to be secure enough for your preferred HMAC-SHA algorithm.  See https://tools.ietf.org/html/rfc7518#section-3.2 for more information. — generating a secure random key instead
2026-04-05T13:16:06.630+05:30  INFO 18673 --- [backend] [           main] com.upwise.backend.security.JwtUtil      : JwtUtil initialized with expirationMs=14400000
2026-04-05T13:16:06.816+05:30  INFO 18673 --- [backend] [           main] o.s.d.j.r.query.QueryEnhancerFactory     : Hibernate is in classpath; If applicable, HQL parser will be used.
Hibernate: select r1_0.id,r1_0.name from roles r1_0 where r1_0.name=?
Hibernate: insert into roles (name,id) values (?,default)
Hibernate: select r1_0.id,r1_0.name from roles r1_0 where r1_0.name=?
Hibernate: insert into roles (name,id) values (?,default)
Hibernate: select r1_0.id,r1_0.name from roles r1_0 where r1_0.name=?
Hibernate: insert into roles (name,id) values (?,default)
Hibernate: select u1_0.id,u1_0.active,u1_0.email,u1_0.password,u1_0.username from users u1_0 where u1_0.username=?
Hibernate: select r1_0.id,r1_0.name from roles r1_0 where r1_0.name=?
Hibernate: insert into users (active,email,password,username,id) values (?,?,?,?,default)
Hibernate: insert into user_roles (user_id,role_id) values (?,?)
Hibernate: select u1_0.id,u1_0.active,u1_0.email,u1_0.password,u1_0.username from users u1_0 where u1_0.username=?
Hibernate: select r1_0.id,r1_0.name from roles r1_0 where r1_0.name=?
Hibernate: insert into users (active,email,password,username,id) values (?,?,?,?,default)
Hibernate: insert into user_roles (user_id,role_id) values (?,?)
Hibernate: select u1_0.id,u1_0.active,u1_0.email,u1_0.password,u1_0.username from users u1_0 where u1_0.username=?
Hibernate: select r1_0.id,r1_0.name from roles r1_0 where r1_0.name=?
Hibernate: insert into users (active,email,password,username,id) values (?,?,?,?,default)
Hibernate: insert into user_roles (user_id,role_id) values (?,?)
Hibernate: select u1_0.id,u1_0.active,u1_0.email,u1_0.password,u1_0.username from users u1_0 where u1_0.username=?
Hibernate: select r1_0.id,r1_0.name from roles r1_0 where r1_0.name=?
Hibernate: insert into users (active,email,password,username,id) values (?,?,?,?,default)
Hibernate: insert into user_roles (user_id,role_id) values (?,?)
Hibernate: select count(*) from financial_records fr1_0
Hibernate: insert into financial_records (amount,category,date,deleted,notes,type,id) values (?,?,?,?,?,?,default)
Hibernate: insert into financial_records (amount,category,date,deleted,notes,type,id) values (?,?,?,?,?,?,default)
Hibernate: insert into financial_records (amount,category,date,deleted,notes,type,id) values (?,?,?,?,?,?,default)
Hibernate: insert into financial_records (amount,category,date,deleted,notes,type,id) values (?,?,?,?,?,?,default)
Hibernate: insert into financial_records (amount,category,date,deleted,notes,type,id) values (?,?,?,?,?,?,default)
Hibernate: insert into financial_records (amount,category,date,deleted,notes,type,id) values (?,?,?,?,?,?,default)
Hibernate: insert into financial_records (amount,category,date,deleted,notes,type,id) values (?,?,?,?,?,?,default)
Hibernate: insert into financial_records (amount,category,date,deleted,notes,type,id) values (?,?,?,?,?,?,default)
Hibernate: insert into financial_records (amount,category,date,deleted,notes,type,id) values (?,?,?,?,?,?,default)
Hibernate: insert into financial_records (amount,category,date,deleted,notes,type,id) values (?,?,?,?,?,?,default)
Hibernate: insert into financial_records (amount,category,date,deleted,notes,type,id) values (?,?,?,?,?,?,default)
Hibernate: insert into financial_records (amount,category,date,deleted,notes,type,id) values (?,?,?,?,?,?,default)
Hibernate: insert into financial_records (amount,category,date,deleted,notes,type,id) values (?,?,?,?,?,?,default)
Hibernate: insert into financial_records (amount,category,date,deleted,notes,type,id) values (?,?,?,?,?,?,default)
Hibernate: insert into financial_records (amount,category,date,deleted,notes,type,id) values (?,?,?,?,?,?,default)
Hibernate: insert into financial_records (amount,category,date,deleted,notes,type,id) values (?,?,?,?,?,?,default)
Hibernate: select u1_0.id,u1_0.active,u1_0.email,u1_0.password,u1_0.username from users u1_0 where u1_0.username=?
Hibernate: select r1_0.user_id,r1_1.id,r1_1.name from user_roles r1_0 join roles r1_1 on r1_1.id=r1_0.role_id where r1_0.user_id=?
Hibernate: select b1_0.id,b1_0.category,b1_0.limit_amount,b1_0.user_id from budgets b1_0 where b1_0.user_id=? and b1_0.category=?
Hibernate: insert into budgets (category,limit_amount,user_id,id) values (?,?,?,default)
Hibernate: select b1_0.id,b1_0.category,b1_0.limit_amount,b1_0.user_id from budgets b1_0 where b1_0.user_id=? and b1_0.category=?
Hibernate: insert into budgets (category,limit_amount,user_id,id) values (?,?,?,default)
Hibernate: select b1_0.id,b1_0.category,b1_0.limit_amount,b1_0.user_id from budgets b1_0 where b1_0.user_id=? and b1_0.category=?
Hibernate: insert into budgets (category,limit_amount,user_id,id) values (?,?,?,default)
Hibernate: insert into audit_logs (action,timestamp,username,id) values (?,?,?,default)
Hibernate: insert into audit_logs (action,timestamp,username,id) values (?,?,?,default)
Hibernate: insert into audit_logs (action,timestamp,username,id) values (?,?,?,default)
2026-04-05T13:16:08.901+05:30  WARN 18673 --- [backend] [           main] JpaBaseConfiguration$JpaWebConfiguration : spring.jpa.open-in-view is enabled by default. Therefore, database queries may be performed during view rendering. Explicitly configure spring.jpa.open-in-view to disable this warning
2026-04-05T13:16:08.926+05:30  INFO 18673 --- [backend] [           main] r$InitializeUserDetailsManagerConfigurer : Global AuthenticationManager configured with UserDetailsService bean with name customUserDetailsService
2026-04-05T13:16:09.300+05:30  INFO 18673 --- [backend] [           main] o.s.b.a.h2.H2ConsoleAutoConfiguration    : H2 console available at '/h2-console'. Database available at 'jdbc:h2:mem:finance'
2026-04-05T13:16:09.399+05:30  INFO 18673 --- [backend] [           main] o.s.b.w.embedded.tomcat.TomcatWebServer  : Tomcat started on port 8081 (http) with context path '/'
2026-04-05T13:16:09.416+05:30  INFO 18673 --- [backend] [           main] com.upwise.backend.BackendApplication    : Started BackendApplication in 7.356 seconds (process running for 7.798)
